[2016-03-29 16:34:12] application.INFO: Info message [] {"uid":"dcadec6"}
[2016-03-29 16:34:12] application.ERROR: Error message [] {"uid":"dcadec6"}
[2016-03-29 16:34:12] application.DEBUG: Debug message [] {"uid":"dcadec6"}
[2016-03-29 16:34:12] application.INFO: Info message [] {"uid":"66a7bd1"}
[2016-03-29 16:34:12] application.ERROR: Error message [] {"uid":"66a7bd1"}
[2016-03-29 16:34:12] application.DEBUG: Debug message [] {"uid":"66a7bd1"}
[2016-03-29 17:28:58] application.INFO: Info message [] {"uid":"74c8e90"}
[2016-03-29 17:28:58] application.ERROR: Error message [] {"uid":"74c8e90"}
[2016-03-29 17:28:58] application.DEBUG: Debug message [] {"uid":"74c8e90"}
[2016-03-29 17:28:58] application.INFO: Info message [] {"uid":"9392ae2"}
[2016-03-29 17:28:58] application.ERROR: Error message [] {"uid":"9392ae2"}
[2016-03-29 17:28:58] application.DEBUG: Debug message [] {"uid":"9392ae2"}
[2016-03-29 17:28:59] application.INFO: Info message [] {"uid":"32b48bb"}
[2016-03-29 17:28:59] application.ERROR: Error message [] {"uid":"32b48bb"}
[2016-03-29 17:28:59] application.DEBUG: Debug message [] {"uid":"32b48bb"}
[2016-03-29 17:28:59] application.INFO: Info message [] {"uid":"c1feb1d"}
[2016-03-29 17:28:59] application.ERROR: Error message [] {"uid":"c1feb1d"}
[2016-03-29 17:28:59] application.DEBUG: Debug message [] {"uid":"c1feb1d"}
[2016-03-29 17:29:31] application.INFO: Info message [] {"uid":"a834c0b"}
[2016-03-29 17:29:31] application.ERROR: Error message [] {"uid":"a834c0b"}
[2016-03-29 17:29:31] application.DEBUG: Debug message [] {"uid":"a834c0b"}
[2016-03-29 17:29:34] application.INFO: Info message [] {"uid":"2eb9c3a"}
[2016-03-29 17:29:34] application.ERROR: Error message [] {"uid":"2eb9c3a"}
[2016-03-29 17:29:34] application.DEBUG: Debug message [] {"uid":"2eb9c3a"}
[2016-03-29 17:29:39] application.INFO: Info message [] {"uid":"0ad852b"}
[2016-03-29 17:29:39] application.ERROR: Error message [] {"uid":"0ad852b"}
[2016-03-29 17:29:39] application.DEBUG: Debug message [] {"uid":"0ad852b"}
[2016-03-29 17:30:30] application.INFO: Info message [] {"uid":"a42916f"}
[2016-03-29 17:30:30] application.ERROR: Error message [] {"uid":"a42916f"}
[2016-03-29 17:30:30] application.DEBUG: Debug message [] {"uid":"a42916f"}
[2016-03-29 17:30:31] application.INFO: Info message [] {"uid":"b6df0b9"}
[2016-03-29 17:30:31] application.ERROR: Error message [] {"uid":"b6df0b9"}
[2016-03-29 17:30:31] application.DEBUG: Debug message [] {"uid":"b6df0b9"}
[2016-03-29 17:30:34] application.INFO: Info message [] {"uid":"42d0a27"}
[2016-03-29 17:30:34] application.ERROR: Error message [] {"uid":"42d0a27"}
[2016-03-29 17:30:34] application.DEBUG: Debug message [] {"uid":"42d0a27"}
[2016-03-29 17:30:54] application.INFO: Info message [] {"uid":"34cc789"}
[2016-03-29 17:30:54] application.ERROR: Error message [] {"uid":"34cc789"}
[2016-03-29 17:30:54] application.DEBUG: Debug message [] {"uid":"34cc789"}
[2016-03-29 17:30:55] application.INFO: Info message [] {"uid":"a9feb21"}
[2016-03-29 17:30:55] application.ERROR: Error message [] {"uid":"a9feb21"}
[2016-03-29 17:30:55] application.DEBUG: Debug message [] {"uid":"a9feb21"}
[2016-03-29 17:42:22] application.INFO: Info message [] {"uid":"f521e70"}
[2016-03-29 17:42:22] application.ERROR: Error message [] {"uid":"f521e70"}
[2016-03-29 17:42:22] application.DEBUG: Debug message [] {"uid":"f521e70"}
[2016-03-29 17:42:23] application.INFO: Info message [] {"uid":"1c20d18"}
[2016-03-29 17:42:23] application.ERROR: Error message [] {"uid":"1c20d18"}
[2016-03-29 17:42:23] application.DEBUG: Debug message [] {"uid":"1c20d18"}
[2016-03-29 17:43:17] application.INFO: Info message [] {"uid":"433855a"}
[2016-03-29 17:43:17] application.ERROR: Error message [] {"uid":"433855a"}
[2016-03-29 17:43:17] application.DEBUG: Debug message [] {"uid":"433855a"}
[2016-03-29 17:43:18] application.INFO: Info message [] {"uid":"cd80149"}
[2016-03-29 17:43:18] application.ERROR: Error message [] {"uid":"cd80149"}
[2016-03-29 17:43:18] application.DEBUG: Debug message [] {"uid":"cd80149"}
[2016-03-29 17:43:19] application.INFO: Info message [] {"uid":"873d273"}
[2016-03-29 17:43:19] application.ERROR: Error message [] {"uid":"873d273"}
[2016-03-29 17:43:19] application.DEBUG: Debug message [] {"uid":"873d273"}
[2016-03-29 17:45:12] application.INFO: Info message [] {"uid":"dfe580b"}
[2016-03-29 17:45:12] application.ERROR: Error message [] {"uid":"dfe580b"}
[2016-03-29 17:45:12] application.DEBUG: Debug message [] {"uid":"dfe580b"}
[2016-03-29 17:45:13] application.INFO: Info message [] {"uid":"80b33f3"}
[2016-03-29 17:45:13] application.ERROR: Error message [] {"uid":"80b33f3"}
[2016-03-29 17:45:13] application.DEBUG: Debug message [] {"uid":"80b33f3"}
[2016-03-29 17:45:22] application.INFO: Info message [] {"uid":"a2128c3"}
[2016-03-29 17:45:22] application.ERROR: Error message [] {"uid":"a2128c3"}
[2016-03-29 17:45:22] application.DEBUG: Debug message [] {"uid":"a2128c3"}
[2016-03-29 17:45:22] application.INFO: Info message [] {"uid":"21344ff"}
[2016-03-29 17:45:22] application.ERROR: Error message [] {"uid":"21344ff"}
[2016-03-29 17:45:22] application.DEBUG: Debug message [] {"uid":"21344ff"}
[2016-03-29 17:45:23] application.INFO: Info message [] {"uid":"09836eb"}
[2016-03-29 17:45:23] application.ERROR: Error message [] {"uid":"09836eb"}
[2016-03-29 17:45:23] application.DEBUG: Debug message [] {"uid":"09836eb"}
[2016-03-29 17:45:23] application.INFO: Info message [] {"uid":"944acec"}
[2016-03-29 17:45:23] application.ERROR: Error message [] {"uid":"944acec"}
[2016-03-29 17:45:23] application.DEBUG: Debug message [] {"uid":"944acec"}
[2016-03-29 17:45:23] application.INFO: Info message [] {"uid":"f52218e"}
[2016-03-29 17:45:23] application.ERROR: Error message [] {"uid":"f52218e"}
[2016-03-29 17:45:23] application.DEBUG: Debug message [] {"uid":"f52218e"}
[2016-03-29 17:45:23] application.INFO: Info message [] {"uid":"5e125c4"}
[2016-03-29 17:45:23] application.ERROR: Error message [] {"uid":"5e125c4"}
[2016-03-29 17:45:23] application.DEBUG: Debug message [] {"uid":"5e125c4"}
[2016-03-29 17:45:23] application.INFO: Info message [] {"uid":"7ea1fbd"}
[2016-03-29 17:45:23] application.ERROR: Error message [] {"uid":"7ea1fbd"}
[2016-03-29 17:45:23] application.DEBUG: Debug message [] {"uid":"7ea1fbd"}
[2016-03-29 17:45:35] application.INFO: Info message [] {"uid":"39fe93a"}
[2016-03-29 17:45:35] application.ERROR: Error message [] {"uid":"39fe93a"}
[2016-03-29 17:45:35] application.DEBUG: Debug message [] {"uid":"39fe93a"}
[2016-03-29 17:45:35] application.INFO: Info message [] {"uid":"bef15c0"}
[2016-03-29 17:45:35] application.ERROR: Error message [] {"uid":"bef15c0"}
[2016-03-29 17:45:35] application.DEBUG: Debug message [] {"uid":"bef15c0"}
[2016-03-29 17:45:36] application.INFO: Info message [] {"uid":"134eb31"}
[2016-03-29 17:45:36] application.ERROR: Error message [] {"uid":"134eb31"}
[2016-03-29 17:45:36] application.DEBUG: Debug message [] {"uid":"134eb31"}
[2016-03-29 17:45:36] application.INFO: Info message [] {"uid":"15c77a2"}
[2016-03-29 17:45:36] application.ERROR: Error message [] {"uid":"15c77a2"}
[2016-03-29 17:45:36] application.DEBUG: Debug message [] {"uid":"15c77a2"}
[2016-03-29 17:45:36] application.INFO: Info message [] {"uid":"8921c64"}
[2016-03-29 17:45:36] application.ERROR: Error message [] {"uid":"8921c64"}
[2016-03-29 17:45:36] application.DEBUG: Debug message [] {"uid":"8921c64"}
[2016-03-29 17:46:22] application.INFO: Info message [] {"uid":"0169c18"}
[2016-03-29 17:46:22] application.ERROR: Error message [] {"uid":"0169c18"}
[2016-03-29 17:46:22] application.DEBUG: Debug message [] {"uid":"0169c18"}
[2016-03-29 20:06:49] application.DEBUG: error connect [] {"uid":"cd54ab6"}
[2016-03-29 20:06:50] application.DEBUG: error connect [] {"uid":"408b8ea"}
[2016-03-29 20:07:24] application.DEBUG: error connect [] {"uid":"6f4127f"}
[2016-03-29 20:07:26] application.DEBUG: error connect [] {"uid":"bad00e2"}
[2016-03-29 20:07:59] application.DEBUG: error connect [] {"uid":"70be86b"}
[2016-03-29 20:08:00] application.DEBUG: error connect [] {"uid":"425b270"}
[2016-03-29 20:08:00] application.ERROR: error connect [] {"uid":"425b270"}
[2016-03-31 22:22:49] application.DEBUG: error connect [] {"uid":"1402e54"}
[2016-03-31 22:22:49] application.ERROR: error connect [] {"uid":"1402e54"}
